2026-03-04 22:42:32,473 [Worker-6: Loading available Gradle versions] INFO  o.e.b.c.i.u.g.PublishedGradleVersions - Gradle version information cache is up-to-date. Trying to read.
2026-03-04 22:43:57,947 [Worker-0: Launching mavenrun-bb40f47a-7ee4-4499-8ac8-85d6ffdf7279] INFO  o.eclipse.m2e.core.internal.Bundles - getClasspathEntries(Bundle=org.eclipse.m2e.maven.runtime_3.8.701.20230209-1606 [346])
2026-03-04 22:43:57,959 [Worker-0: Launching mavenrun-bb40f47a-7ee4-4499-8ac8-85d6ffdf7279] INFO  o.eclipse.m2e.core.internal.Bundles - 	Entry: C:\Users\VEERAM REDDY AMULYA\Desktop\FSAD-s\sts-4.18.0.RELEASE\plugins\org.eclipse.m2e.maven.runtime_3.8.701.20230209-1606
2026-03-04 22:43:57,960 [Worker-0: Launching mavenrun-bb40f47a-7ee4-4499-8ac8-85d6ffdf7279] INFO  o.eclipse.m2e.core.internal.Bundles - 	Entry: C:\Users\VEERAM REDDY AMULYA\Desktop\FSAD-s\sts-4.18.0.RELEASE\plugins\org.eclipse.m2e.maven.runtime_3.8.701.20230209-1606\jars\aether-connector-okhttp-0.17.8.jar
2026-03-04 22:43:57,961 [Worker-0: Launching mavenrun-bb40f47a-7ee4-4499-8ac8-85d6ffdf7279] INFO  o.eclipse.m2e.core.internal.Bundles - 	Entry: C:\Users\VEERAM REDDY AMULYA\Desktop\FSAD-s\sts-4.18.0.RELEASE\plugins\org.eclipse.m2e.maven.runtime_3.8.701.20230209-1606\jars\commons-lang3-3.8.1.jar
2026-03-04 22:43:57,962 [Worker-0: Launching mavenrun-bb40f47a-7ee4-4499-8ac8-85d6ffdf7279] INFO  o.eclipse.m2e.core.internal.Bundles - 	Entry: C:\Users\VEERAM REDDY AMULYA\Desktop\FSAD-s\sts-4.18.0.RELEASE\plugins\org.eclipse.m2e.maven.runtime_3.8.701.20230209-1606\jars\guice-4.2.2-no_aop.jar
2026-03-04 22:43:57,963 [Worker-0: Launching mavenrun-bb40f47a-7ee4-4499-8ac8-85d6ffdf7279] INFO  o.eclipse.m2e.core.internal.Bundles - 	Entry: C:\Users\VEERAM REDDY AMULYA\Desktop\FSAD-s\sts-4.18.0.RELEASE\plugins\org.eclipse.m2e.maven.runtime_3.8.701.20230209-1606\jars\jansi-2.4.0.jar
2026-03-04 22:43:57,964 [Worker-0: Launching mavenrun-bb40f47a-7ee4-4499-8ac8-85d6ffdf7279] INFO  o.eclipse.m2e.core.internal.Bundles - 	Entry: C:\Users\VEERAM REDDY AMULYA\Desktop\FSAD-s\sts-4.18.0.RELEASE\plugins\org.eclipse.m2e.maven.runtime_3.8.701.20230209-1606\jars\maven-artifact-3.8.7.jar
2026-03-04 22:43:57,964 [Worker-0: Launching mavenrun-bb40f47a-7ee4-4499-8ac8-85d6ffdf7279] INFO  o.eclipse.m2e.core.internal.Bundles - 	Entry: C:\Users\VEERAM REDDY AMULYA\Desktop\FSAD-s\sts-4.18.0.RELEASE\plugins\org.eclipse.m2e.maven.runtime_3.8.701.20230209-1606\jars\maven-builder-support-3.8.7.jar
2026-03-04 22:43:57,965 [Worker-0: Launching mavenrun-bb40f47a-7ee4-4499-8ac8-85d6ffdf7279] INFO  o.eclipse.m2e.core.internal.Bundles - 	Entry: C:\Users\VEERAM REDDY AMULYA\Desktop\FSAD-s\sts-4.18.0.RELEASE\plugins\org.eclipse.m2e.maven.runtime_3.8.701.20230209-1606\jars\maven-compat-3.8.7.jar
2026-03-04 22:43:57,966 [Worker-0: Launching mavenrun-bb40f47a-7ee4-4499-8ac8-85d6ffdf7279] INFO  o.eclipse.m2e.core.internal.Bundles - 	Entry: C:\Users\VEERAM REDDY AMULYA\Desktop\FSAD-s\sts-4.18.0.RELEASE\plugins\org.eclipse.m2e.maven.runtime_3.8.701.20230209-1606\jars\maven-core-3.8.7.jar
2026-03-04 22:43:57,966 [Worker-0: Launching mavenrun-bb40f47a-7ee4-4499-8ac8-85d6ffdf7279] INFO  o.eclipse.m2e.core.internal.Bundles - 	Entry: C:\Users\VEERAM REDDY AMULYA\Desktop\FSAD-s\sts-4.18.0.RELEASE\plugins\org.eclipse.m2e.maven.runtime_3.8.701.20230209-1606\jars\maven-embedder-3.8.7.jar
2026-03-04 22:43:57,966 [Worker-0: Launching mavenrun-bb40f47a-7ee4-4499-8ac8-85d6ffdf7279] INFO  o.eclipse.m2e.core.internal.Bundles - 	Entry: C:\Users\VEERAM REDDY AMULYA\Desktop\FSAD-s\sts-4.18.0.RELEASE\plugins\org.eclipse.m2e.maven.runtime_3.8.701.20230209-1606\jars\maven-model-3.8.7.jar
2026-03-04 22:43:57,967 [Worker-0: Launching mavenrun-bb40f47a-7ee4-4499-8ac8-85d6ffdf7279] INFO  o.eclipse.m2e.core.internal.Bundles - 	Entry: C:\Users\VEERAM REDDY AMULYA\Desktop\FSAD-s\sts-4.18.0.RELEASE\plugins\org.eclipse.m2e.maven.runtime_3.8.701.20230209-1606\jars\maven-model-builder-3.8.7.jar
2026-03-04 22:43:57,967 [Worker-0: Launching mavenrun-bb40f47a-7ee4-4499-8ac8-85d6ffdf7279] INFO  o.eclipse.m2e.core.internal.Bundles - 	Entry: C:\Users\VEERAM REDDY AMULYA\Desktop\FSAD-s\sts-4.18.0.RELEASE\plugins\org.eclipse.m2e.maven.runtime_3.8.701.20230209-1606\jars\maven-plugin-api-3.8.7.jar
2026-03-04 22:43:57,967 [Worker-0: Launching mavenrun-bb40f47a-7ee4-4499-8ac8-85d6ffdf7279] INFO  o.eclipse.m2e.core.internal.Bundles - 	Entry: C:\Users\VEERAM REDDY AMULYA\Desktop\FSAD-s\sts-4.18.0.RELEASE\plugins\org.eclipse.m2e.maven.runtime_3.8.701.20230209-1606\jars\maven-repository-metadata-3.8.7.jar
2026-03-04 22:43:57,968 [Worker-0: Launching mavenrun-bb40f47a-7ee4-4499-8ac8-85d6ffdf7279] INFO  o.eclipse.m2e.core.internal.Bundles - 	Entry: C:\Users\VEERAM REDDY AMULYA\Desktop\FSAD-s\sts-4.18.0.RELEASE\plugins\org.eclipse.m2e.maven.runtime_3.8.701.20230209-1606\jars\maven-resolver-api-1.6.3.jar
2026-03-04 22:43:57,968 [Worker-0: Launching mavenrun-bb40f47a-7ee4-4499-8ac8-85d6ffdf7279] INFO  o.eclipse.m2e.core.internal.Bundles - 	Entry: C:\Users\VEERAM REDDY AMULYA\Desktop\FSAD-s\sts-4.18.0.RELEASE\plugins\org.eclipse.m2e.maven.runtime_3.8.701.20230209-1606\jars\maven-resolver-connector-basic-1.6.3.jar
2026-03-04 22:43:57,968 [Worker-0: Launching mavenrun-bb40f47a-7ee4-4499-8ac8-85d6ffdf7279] INFO  o.eclipse.m2e.core.internal.Bundles - 	Entry: C:\Users\VEERAM REDDY AMULYA\Desktop\FSAD-s\sts-4.18.0.RELEASE\plugins\org.eclipse.m2e.maven.runtime_3.8.701.20230209-1606\jars\maven-resolver-impl-1.6.3.jar
2026-03-04 22:43:57,969 [Worker-0: Launching mavenrun-bb40f47a-7ee4-4499-8ac8-85d6ffdf7279] INFO  o.eclipse.m2e.core.internal.Bundles - 	Entry: C:\Users\VEERAM REDDY AMULYA\Desktop\FSAD-s\sts-4.18.0.RELEASE\plugins\org.eclipse.m2e.maven.runtime_3.8.701.20230209-1606\jars\maven-resolver-provider-3.8.7.jar
2026-03-04 22:43:57,969 [Worker-0: Launching mavenrun-bb40f47a-7ee4-4499-8ac8-85d6ffdf7279] INFO  o.eclipse.m2e.core.internal.Bundles - 	Entry: C:\Users\VEERAM REDDY AMULYA\Desktop\FSAD-s\sts-4.18.0.RELEASE\plugins\org.eclipse.m2e.maven.runtime_3.8.701.20230209-1606\jars\maven-resolver-spi-1.6.3.jar
2026-03-04 22:43:57,969 [Worker-0: Launching mavenrun-bb40f47a-7ee4-4499-8ac8-85d6ffdf7279] INFO  o.eclipse.m2e.core.internal.Bundles - 	Entry: C:\Users\VEERAM REDDY AMULYA\Desktop\FSAD-s\sts-4.18.0.RELEASE\plugins\org.eclipse.m2e.maven.runtime_3.8.701.20230209-1606\jars\maven-resolver-transport-wagon-1.6.3.jar
2026-03-04 22:43:57,970 [Worker-0: Launching mavenrun-bb40f47a-7ee4-4499-8ac8-85d6ffdf7279] INFO  o.eclipse.m2e.core.internal.Bundles - 	Entry: C:\Users\VEERAM REDDY AMULYA\Desktop\FSAD-s\sts-4.18.0.RELEASE\plugins\org.eclipse.m2e.maven.runtime_3.8.701.20230209-1606\jars\maven-resolver-util-1.6.3.jar
2026-03-04 22:43:57,970 [Worker-0: Launching mavenrun-bb40f47a-7ee4-4499-8ac8-85d6ffdf7279] INFO  o.eclipse.m2e.core.internal.Bundles - 	Entry: C:\Users\VEERAM REDDY AMULYA\Desktop\FSAD-s\sts-4.18.0.RELEASE\plugins\org.eclipse.m2e.maven.runtime_3.8.701.20230209-1606\jars\maven-settings-3.8.7.jar
2026-03-04 22:43:57,970 [Worker-0: Launching mavenrun-bb40f47a-7ee4-4499-8ac8-85d6ffdf7279] INFO  o.eclipse.m2e.core.internal.Bundles - 	Entry: C:\Users\VEERAM REDDY AMULYA\Desktop\FSAD-s\sts-4.18.0.RELEASE\plugins\org.eclipse.m2e.maven.runtime_3.8.701.20230209-1606\jars\maven-settings-builder-3.8.7.jar
2026-03-04 22:43:57,970 [Worker-0: Launching mavenrun-bb40f47a-7ee4-4499-8ac8-85d6ffdf7279] INFO  o.eclipse.m2e.core.internal.Bundles - 	Entry: C:\Users\VEERAM REDDY AMULYA\Desktop\FSAD-s\sts-4.18.0.RELEASE\plugins\org.eclipse.m2e.maven.runtime_3.8.701.20230209-1606\jars\maven-shared-utils-3.3.4.jar
2026-03-04 22:43:57,971 [Worker-0: Launching mavenrun-bb40f47a-7ee4-4499-8ac8-85d6ffdf7279] INFO  o.eclipse.m2e.core.internal.Bundles - 	Entry: C:\Users\VEERAM REDDY AMULYA\Desktop\FSAD-s\sts-4.18.0.RELEASE\plugins\org.eclipse.m2e.maven.runtime_3.8.701.20230209-1606\jars\okhttp-3.14.1.jar
2026-03-04 22:43:57,971 [Worker-0: Launching mavenrun-bb40f47a-7ee4-4499-8ac8-85d6ffdf7279] INFO  o.eclipse.m2e.core.internal.Bundles - 	Entry: C:\Users\VEERAM REDDY AMULYA\Desktop\FSAD-s\sts-4.18.0.RELEASE\plugins\org.eclipse.m2e.maven.runtime_3.8.701.20230209-1606\jars\okio-1.17.3.jar
2026-03-04 22:43:57,971 [Worker-0: Launching mavenrun-bb40f47a-7ee4-4499-8ac8-85d6ffdf7279] INFO  o.eclipse.m2e.core.internal.Bundles - 	Entry: C:\Users\VEERAM REDDY AMULYA\Desktop\FSAD-s\sts-4.18.0.RELEASE\plugins\org.eclipse.m2e.maven.runtime_3.8.701.20230209-1606\jars\org.eclipse.sisu.inject-0.3.5.jar
2026-03-04 22:43:57,972 [Worker-0: Launching mavenrun-bb40f47a-7ee4-4499-8ac8-85d6ffdf7279] INFO  o.eclipse.m2e.core.internal.Bundles - 	Entry: C:\Users\VEERAM REDDY AMULYA\Desktop\FSAD-s\sts-4.18.0.RELEASE\plugins\org.eclipse.m2e.maven.runtime_3.8.701.20230209-1606\jars\org.eclipse.sisu.plexus-0.3.5.jar
2026-03-04 22:43:57,972 [Worker-0: Launching mavenrun-bb40f47a-7ee4-4499-8ac8-85d6ffdf7279] INFO  o.eclipse.m2e.core.internal.Bundles - 	Entry: C:\Users\VEERAM REDDY AMULYA\Desktop\FSAD-s\sts-4.18.0.RELEASE\plugins\org.eclipse.m2e.maven.runtime_3.8.701.20230209-1606\jars\plexus-build-api-0.0.7.jar
2026-03-04 22:43:57,972 [Worker-0: Launching mavenrun-bb40f47a-7ee4-4499-8ac8-85d6ffdf7279] INFO  o.eclipse.m2e.core.internal.Bundles - 	Entry: C:\Users\VEERAM REDDY AMULYA\Desktop\FSAD-s\sts-4.18.0.RELEASE\plugins\org.eclipse.m2e.maven.runtime_3.8.701.20230209-1606\jars\plexus-cipher-2.0.jar
2026-03-04 22:43:57,973 [Worker-0: Launching mavenrun-bb40f47a-7ee4-4499-8ac8-85d6ffdf7279] INFO  o.eclipse.m2e.core.internal.Bundles - 	Entry: C:\Users\VEERAM REDDY AMULYA\Desktop\FSAD-s\sts-4.18.0.RELEASE\plugins\org.eclipse.m2e.maven.runtime_3.8.701.20230209-1606\jars\plexus-classworlds-2.6.0.jar
2026-03-04 22:43:57,973 [Worker-0: Launching mavenrun-bb40f47a-7ee4-4499-8ac8-85d6ffdf7279] INFO  o.eclipse.m2e.core.internal.Bundles - 	Entry: C:\Users\VEERAM REDDY AMULYA\Desktop\FSAD-s\sts-4.18.0.RELEASE\plugins\org.eclipse.m2e.maven.runtime_3.8.701.20230209-1606\jars\plexus-component-annotations-2.1.0.jar
2026-03-04 22:43:57,973 [Worker-0: Launching mavenrun-bb40f47a-7ee4-4499-8ac8-85d6ffdf7279] INFO  o.eclipse.m2e.core.internal.Bundles - 	Entry: C:\Users\VEERAM REDDY AMULYA\Desktop\FSAD-s\sts-4.18.0.RELEASE\plugins\org.eclipse.m2e.maven.runtime_3.8.701.20230209-1606\jars\plexus-interpolation-1.26.jar
2026-03-04 22:43:57,974 [Worker-0: Launching mavenrun-bb40f47a-7ee4-4499-8ac8-85d6ffdf7279] INFO  o.eclipse.m2e.core.internal.Bundles - 	Entry: C:\Users\VEERAM REDDY AMULYA\Desktop\FSAD-s\sts-4.18.0.RELEASE\plugins\org.eclipse.m2e.maven.runtime_3.8.701.20230209-1606\jars\plexus-sec-dispatcher-2.0.jar
2026-03-04 22:43:57,974 [Worker-0: Launching mavenrun-bb40f47a-7ee4-4499-8ac8-85d6ffdf7279] INFO  o.eclipse.m2e.core.internal.Bundles - 	Entry: C:\Users\VEERAM REDDY AMULYA\Desktop\FSAD-s\sts-4.18.0.RELEASE\plugins\org.eclipse.m2e.maven.runtime_3.8.701.20230209-1606\jars\plexus-utils-3.3.1.jar
2026-03-04 22:43:57,975 [Worker-0: Launching mavenrun-bb40f47a-7ee4-4499-8ac8-85d6ffdf7279] INFO  o.eclipse.m2e.core.internal.Bundles - 	Entry: C:\Users\VEERAM REDDY AMULYA\Desktop\FSAD-s\sts-4.18.0.RELEASE\plugins\org.eclipse.m2e.maven.runtime_3.8.701.20230209-1606\jars\wagon-file-3.5.3.jar
2026-03-04 22:43:57,975 [Worker-0: Launching mavenrun-bb40f47a-7ee4-4499-8ac8-85d6ffdf7279] INFO  o.eclipse.m2e.core.internal.Bundles - 	Entry: C:\Users\VEERAM REDDY AMULYA\Desktop\FSAD-s\sts-4.18.0.RELEASE\plugins\org.eclipse.m2e.maven.runtime_3.8.701.20230209-1606\jars\wagon-provider-api-3.5.3.jar
2026-03-04 22:43:57,981 [Worker-0: Launching mavenrun-bb40f47a-7ee4-4499-8ac8-85d6ffdf7279] INFO  o.eclipse.m2e.core.internal.Bundles - getClasspathEntries(Bundle=com.google.guava_31.1.0.jre [23])
2026-03-04 22:43:57,984 [Worker-0: Launching mavenrun-bb40f47a-7ee4-4499-8ac8-85d6ffdf7279] INFO  o.eclipse.m2e.core.internal.Bundles - 	Entry: C:\Users\VEERAM REDDY AMULYA\Desktop\FSAD-s\sts-4.18.0.RELEASE\plugins\com.google.guava_31.1.0.jre.jar
2026-03-04 22:43:57,984 [Worker-0: Launching mavenrun-bb40f47a-7ee4-4499-8ac8-85d6ffdf7279] INFO  o.eclipse.m2e.core.internal.Bundles - getClasspathEntries(Bundle=slf4j.api_1.7.36 [580])
2026-03-04 22:43:57,986 [Worker-0: Launching mavenrun-bb40f47a-7ee4-4499-8ac8-85d6ffdf7279] INFO  o.eclipse.m2e.core.internal.Bundles - 	Entry: C:\Users\VEERAM REDDY AMULYA\Desktop\FSAD-s\sts-4.18.0.RELEASE\plugins\slf4j.api_1.7.36.jar
2026-03-04 22:43:57,987 [Worker-0: Launching mavenrun-bb40f47a-7ee4-4499-8ac8-85d6ffdf7279] INFO  o.eclipse.m2e.core.internal.Bundles - getClasspathEntries(Bundle=javax.inject_1.0.0.v20220405-0441 [50])
2026-03-04 22:43:57,989 [Worker-0: Launching mavenrun-bb40f47a-7ee4-4499-8ac8-85d6ffdf7279] INFO  o.eclipse.m2e.core.internal.Bundles - 	Entry: C:\Users\VEERAM REDDY AMULYA\Desktop\FSAD-s\sts-4.18.0.RELEASE\plugins\javax.inject_1.0.0.v20220405-0441.jar
2026-03-04 22:43:57,989 [Worker-0: Launching mavenrun-bb40f47a-7ee4-4499-8ac8-85d6ffdf7279] INFO  o.eclipse.m2e.core.internal.Bundles - getClasspathEntries(Bundle=javax.annotation_1.3.5.v20221203-1659 [48])
2026-03-04 22:43:57,992 [Worker-0: Launching mavenrun-bb40f47a-7ee4-4499-8ac8-85d6ffdf7279] INFO  o.eclipse.m2e.core.internal.Bundles - 	Entry: C:\Users\VEERAM REDDY AMULYA\Desktop\FSAD-s\sts-4.18.0.RELEASE\plugins\javax.annotation_1.3.5.v20221203-1659.jar
2026-03-04 22:43:57,992 [Worker-0: Launching mavenrun-bb40f47a-7ee4-4499-8ac8-85d6ffdf7279] INFO  o.eclipse.m2e.core.internal.Bundles - getClasspathEntries(Bundle=org.apache.commons.cli_1.4.0.v20221112-0806 [73])
2026-03-04 22:43:57,995 [Worker-0: Launching mavenrun-bb40f47a-7ee4-4499-8ac8-85d6ffdf7279] INFO  o.eclipse.m2e.core.internal.Bundles - 	Entry: C:\Users\VEERAM REDDY AMULYA\Desktop\FSAD-s\sts-4.18.0.RELEASE\plugins\org.apache.commons.cli_1.4.0.v20221112-0806.jar
2026-03-04 22:43:57,995 [Worker-0: Launching mavenrun-bb40f47a-7ee4-4499-8ac8-85d6ffdf7279] INFO  o.eclipse.m2e.core.internal.Bundles - getClasspathEntries(Bundle=com.google.guava.failureaccess_1.0.1 [25])
2026-03-04 22:43:57,997 [Worker-0: Launching mavenrun-bb40f47a-7ee4-4499-8ac8-85d6ffdf7279] INFO  o.eclipse.m2e.core.internal.Bundles - 	Entry: C:\Users\VEERAM REDDY AMULYA\Desktop\FSAD-s\sts-4.18.0.RELEASE\plugins\com.google.guava.failureaccess_1.0.1.jar
2026-03-04 22:43:58,022 [Worker-0: Launching mavenrun-bb40f47a-7ee4-4499-8ac8-85d6ffdf7279] INFO  o.e.m.i.launch.MavenLaunchDelegate - Run build in "C:\Users\VEERAM~1\AppData\Local\Temp\m2e-archetypeGenerator17107464642004293657":
2026-03-04 22:43:58,033 [Worker-0: Launching mavenrun-bb40f47a-7ee4-4499-8ac8-85d6ffdf7279] INFO  o.e.m.i.launch.MavenLaunchDelegate -  mvn  -DjavaCompilerVersion=17 -DjunitVersion=5.11.0 -DarchetypeGroupId=org.apache.maven.archetypes -DarchetypeArtifactId=maven-archetype-quickstart -DarchetypeVersion=1.5 -DgroupId=com.klu -DartifactId=Skill_1 -Dversion=0.0.1-SNAPSHOT -Dpackage=com.klu.Skill_1 -DoutputDirectory="C:\Users\VEERAM REDDY AMULYA\Desktop\FSAD-lab" -Dstyle.color=always -U archetype:generate
2026-03-04 22:44:22,476 [Worker-7: Creating maven-archetype-quickstart] INFO  o.e.m.c.i.p.ProjectConfigurationManager - Collecting project info '/pom.xml' C:\Users\VEERAM REDDY AMULYA\Desktop\FSAD-lab\Skill_1\pom.xml
2026-03-04 22:44:24,017 [Worker-7: Creating maven-archetype-quickstart] INFO  o.e.m.c.i.l.LifecycleMappingFactory - Using org.eclipse.m2e.jdt.JarLifecycleMapping lifecycle mapping for MavenProject: com.klu:Skill_1:0.0.1-SNAPSHOT @ C:\Users\VEERAM REDDY AMULYA\Desktop\FSAD-lab\Skill_1\pom.xml.
2026-03-04 22:44:25,570 [Worker-7: Creating maven-archetype-quickstart] INFO  o.e.m.j.i.AbstractJavaProjectConfigurator - Adding source folder /Skill_1/src/main/java
2026-03-04 22:44:25,585 [Worker-7: Creating maven-archetype-quickstart] INFO  o.e.m.j.i.AbstractJavaProjectConfigurator - Adding source folder /Skill_1/src/test/java
2026-03-04 22:44:26,718 [Worker-7: Creating maven-archetype-quickstart] INFO  o.e.m.c.i.p.ProjectConfigurationManager - Imported and configured 1 project(s) in 4 sec
2026-03-04 22:44:28,073 [Worker-10: Building] INFO  o.a.m.s.f.DefaultMavenResourcesFiltering - skip non existing resourceDirectory C:\Users\VEERAM REDDY AMULYA\Desktop\FSAD-lab\Skill_1\src\main\resources
2026-03-04 22:44:28,082 [Worker-10: Building] INFO  o.a.m.s.f.DefaultMavenResourcesFiltering - skip non existing resourceDirectory C:\Users\VEERAM REDDY AMULYA\Desktop\FSAD-lab\Skill_1\src\test\resources
2026-03-04 22:45:37,061 [Worker-8: Building] INFO  o.a.m.s.f.DefaultMavenResourcesFiltering - skip non existing resourceDirectory C:\Users\VEERAM REDDY AMULYA\Desktop\FSAD-lab\Skill_1\src\main\resources
2026-03-04 22:45:37,068 [Worker-8: Building] INFO  o.a.m.s.f.DefaultMavenResourcesFiltering - skip non existing resourceDirectory C:\Users\VEERAM REDDY AMULYA\Desktop\FSAD-lab\Skill_1\src\test\resources
2026-03-04 22:46:29,250 [Worker-2: Building] INFO  o.a.m.s.f.DefaultMavenResourcesFiltering - skip non existing resourceDirectory C:\Users\VEERAM REDDY AMULYA\Desktop\FSAD-lab\Skill_1\src\main\resources
2026-03-04 22:46:29,259 [Worker-2: Building] INFO  o.a.m.s.f.DefaultMavenResourcesFiltering - skip non existing resourceDirectory C:\Users\VEERAM REDDY AMULYA\Desktop\FSAD-lab\Skill_1\src\test\resources
2026-03-04 22:46:44,529 [Worker-5: Building] INFO  o.a.m.s.f.DefaultMavenResourcesFiltering - skip non existing resourceDirectory C:\Users\VEERAM REDDY AMULYA\Desktop\FSAD-lab\Skill_1\src\main\resources
2026-03-04 22:46:44,539 [Worker-5: Building] INFO  o.a.m.s.f.DefaultMavenResourcesFiltering - skip non existing resourceDirectory C:\Users\VEERAM REDDY AMULYA\Desktop\FSAD-lab\Skill_1\src\test\resources
2026-03-04 22:47:21,899 [Worker-2: Building] INFO  o.a.m.s.f.DefaultMavenResourcesFiltering - skip non existing resourceDirectory C:\Users\VEERAM REDDY AMULYA\Desktop\FSAD-lab\Skill_1\src\main\resources
2026-03-04 22:47:21,906 [Worker-2: Building] INFO  o.a.m.s.f.DefaultMavenResourcesFiltering - skip non existing resourceDirectory C:\Users\VEERAM REDDY AMULYA\Desktop\FSAD-lab\Skill_1\src\test\resources
2026-03-04 22:48:21,868 [Worker-2: Building] INFO  o.a.m.s.f.DefaultMavenResourcesFiltering - skip non existing resourceDirectory C:\Users\VEERAM REDDY AMULYA\Desktop\FSAD-lab\Skill_1\src\main\resources
